Added Component: Designator=P1(HDR1X4)
Added Component: Designator=P2(HDR1X3)
Added Component: Designator=P3(HDR1X3)
Added Component: Designator=P4(SWD Debug Interface)
Added Component: Designator=X1(Teensy_3_2)
Added Component: Designator=X2(TEENSY_3_6)
Added Pin To Net: NetName=GND Pin=P2-1
Added Pin To Net: NetName=GND Pin=P2-2
Added Pin To Net: NetName=GND Pin=P2-3
Added Pin To Net: NetName=GND Pin=P4-5
Added Pin To Net: NetName=GND Pin=P4-7
Added Pin To Net: NetName=GND Pin=X1-GND_1
Added Pin To Net: NetName=GND Pin=X2-GND_1
Added Pin To Net: NetName=3.3V Pin=P3-1
Added Pin To Net: NetName=3.3V Pin=P3-2
Added Pin To Net: NetName=3.3V Pin=P3-3
Added Pin To Net: NetName=3.3V Pin=P4-1
Added Pin To Net: NetName=3.3V Pin=X1-3.3V_2
Added Pin To Net: NetName=3.3V Pin=X2-3.3V_2
Added Net: Name=3.3V
Added Pin To Net: NetName=NetP1_1 Pin=P1-1
Added Pin To Net: NetName=NetP1_1 Pin=X1-3
Added Pin To Net: NetName=NetP1_1 Pin=X2-3
Added Net: Name=NetP1_1
Added Pin To Net: NetName=NetP4_2 Pin=P4-2
Added Net: Name=NetP4_2
Added Pin To Net: NetName=NetP4_4 Pin=P4-4
Added Net: Name=NetP4_4
Added Pin To Net: NetName=NetP4_9 Pin=P4-9
Added Net: Name=NetP4_9
Added Pin To Net: NetName=NetP4_10 Pin=P4-10
Added Pin To Net: NetName=NetP4_10 Pin=X2-RESET
Added Net: Name=NetP4_10
Added Pin To Net: NetName=NetX1_0 Pin=X1-0
Added Pin To Net: NetName=NetX1_0 Pin=X2-0
Added Net: Name=NetX1_0
Added Pin To Net: NetName=NetX1_1 Pin=X1-1
Added Pin To Net: NetName=NetX1_1 Pin=X2-1
Added Net: Name=NetX1_1
Added Pin To Net: NetName=NetX1_2 Pin=X1-2
Added Pin To Net: NetName=NetX1_2 Pin=X2-2
Added Net: Name=NetX1_2
Added Pin To Net: NetName=NetX1_3.3V_1 Pin=X1-3.3V_1
Added Pin To Net: NetName=NetX1_3.3V_1 Pin=X2-3.3V_1
Added Net: Name=NetX1_3.3V_1
Added Pin To Net: NetName=NetX1_4 Pin=X1-4
Added Pin To Net: NetName=NetX1_4 Pin=X2-4
Added Net: Name=NetX1_4
Added Pin To Net: NetName=NetX1_5 Pin=X1-5
Added Pin To Net: NetName=NetX1_5 Pin=X2-5
Added Net: Name=NetX1_5
Added Pin To Net: NetName=NetX1_6 Pin=X1-6
Added Pin To Net: NetName=NetX1_6 Pin=X2-6
Added Net: Name=NetX1_6
Added Pin To Net: NetName=NetX1_7 Pin=X1-7
Added Pin To Net: NetName=NetX1_7 Pin=X2-7
Added Net: Name=NetX1_7
Added Pin To Net: NetName=NetX1_8 Pin=X1-8
Added Pin To Net: NetName=NetX1_8 Pin=X2-8
Added Net: Name=NetX1_8
Added Pin To Net: NetName=NetX1_9 Pin=X1-9
Added Pin To Net: NetName=NetX1_9 Pin=X2-9
Added Net: Name=NetX1_9
Added Pin To Net: NetName=NetX1_10 Pin=X1-10
Added Pin To Net: NetName=NetX1_10 Pin=X2-10
Added Net: Name=NetX1_10
Added Pin To Net: NetName=NetX1_11 Pin=X1-11
Added Pin To Net: NetName=NetX1_11 Pin=X2-11
Added Net: Name=NetX1_11
Added Pin To Net: NetName=NetX1_12 Pin=X1-12
Added Pin To Net: NetName=NetX1_12 Pin=X2-12
Added Net: Name=NetX1_12
Added Pin To Net: NetName=NetX1_13 Pin=X1-13
Added Pin To Net: NetName=NetX1_13 Pin=X2-13
Added Net: Name=NetX1_13
Added Pin To Net: NetName=NetX1_14 Pin=X1-14
Added Pin To Net: NetName=NetX1_14 Pin=X2-14
Added Net: Name=NetX1_14
Added Pin To Net: NetName=NetX1_15 Pin=X1-15
Added Pin To Net: NetName=NetX1_15 Pin=X2-15
Added Net: Name=NetX1_15
Added Pin To Net: NetName=NetX1_16 Pin=X1-16
Added Pin To Net: NetName=NetX1_16 Pin=X2-16
Added Net: Name=NetX1_16
Added Pin To Net: NetName=NetX1_17 Pin=X1-17
Added Pin To Net: NetName=NetX1_17 Pin=X2-17
Added Net: Name=NetX1_17
Added Pin To Net: NetName=NetX1_18 Pin=X1-18
Added Pin To Net: NetName=NetX1_18 Pin=X2-18
Added Net: Name=NetX1_18
Added Pin To Net: NetName=NetX1_19 Pin=X1-19
Added Pin To Net: NetName=NetX1_19 Pin=X2-19
Added Net: Name=NetX1_19
Added Pin To Net: NetName=NetX1_20 Pin=X1-20
Added Pin To Net: NetName=NetX1_20 Pin=X2-20
Added Net: Name=NetX1_20
Added Pin To Net: NetName=NetX1_21 Pin=X1-21
Added Pin To Net: NetName=NetX1_21 Pin=X2-21
Added Net: Name=NetX1_21
Added Pin To Net: NetName=NetX1_22 Pin=X1-22
Added Pin To Net: NetName=NetX1_22 Pin=X2-22
Added Net: Name=NetX1_22
Added Pin To Net: NetName=NetX1_23 Pin=X1-23
Added Pin To Net: NetName=NetX1_23 Pin=X2-23
Added Net: Name=NetX1_23
Added Pin To Net: NetName=NetX1_AGND Pin=X1-AGND
Added Pin To Net: NetName=NetX1_AGND Pin=X2-AGND
Added Net: Name=NetX1_AGND
Added Pin To Net: NetName=NetX1_GND_2 Pin=X1-GND_2
Added Pin To Net: NetName=NetX1_GND_2 Pin=X2-GND_2
Added Net: Name=NetX1_GND_2
Added Pin To Net: NetName=NetX1_Vin Pin=X1-Vin
Added Pin To Net: NetName=NetX1_Vin Pin=X2-Vin
Added Net: Name=NetX1_Vin
Change Class Name : Old Net Name=Connect New Net Name=Teensy36AdapterBoard
Added Member To Class: ClassName=Teensy36AdapterBoard Member=Component P1 HW Flow Control
Added Member To Class: ClassName=Teensy36AdapterBoard Member=Component P2 GND
Added Member To Class: ClassName=Teensy36AdapterBoard Member=Component P3 3V3
Added Member To Class: ClassName=Teensy36AdapterBoard Member=Component P4 SWD_DebugInterface
Added Member To Class: ClassName=Teensy36AdapterBoard Member=Component X1 Teensy 3.2
Added Member To Class: ClassName=Teensy36AdapterBoard Member=Component X2 Teensy 3.6
Added Room: Name=Teensy36AdapterBoard
